-------------------------------------------------------------------------------
Test set: com.bootcamp.movementwallet.MovementWalletApplicationTests
-------------------------------------------------------------------------------
Tests run: 1, Failures: 0, Errors: 1, Skipped: 0, Time elapsed: 7.514 s <<< FAILURE! - in com.bootcamp.movementwallet.MovementWalletApplicationTests
contextLoads  Time elapsed: 0.002 s  <<< ERROR!
java.lang.IllegalStateException: Failed to load ApplicationContext
Caused by: org.springframework.beans.factory.UnsatisfiedDependencyException: Error creating bean with name 'movementWalletOperationsImpl' defined in file [C:\Users\jniquena\Downloads\proyecto 4\movement-wallet\target\classes\com\bootcamp\movementwallet\application\impl\MovementWalletOperationsImpl.class]: Unsatisfied dependency expressed through constructor parameter 0; nested exception is org.springframework.beans.factory.UnsatisfiedDependencyException: Error creating bean with name 'accountRepository': Unsatisfied dependency expressed through field 'iMovementWalletCrudRepository'; nested exception is org.springframework.beans.factory.BeanCreationException: Error creating bean with name 'IMovementWalletCrudRepository' defined in com.bootcamp.movementwallet.infraestructure.repository.IMovementWalletCrudRepository defined in @EnableReactiveMongoRepositories declared on MongoReactiveRepositoriesRegistrar.EnableReactiveMongoRepositoriesConfiguration: Invocation of init method failed; nested exception is org.springframework.data.repository.query.QueryCreationException: Could not create query for public abstract reactor.core.publisher.Flux com.bootcamp.movementwallet.infraestructure.repository.IMovementWalletCrudRepository.listWalletCelularDestino(java.lang.String)! Reason: No property listWalletCelularDestino found for type movementWalletDao!; nested exception is org.springframework.data.mapping.PropertyReferenceException: No property listWalletCelularDestino found for type movementWalletDao!
Caused by: org.springframework.beans.factory.UnsatisfiedDependencyException: Error creating bean with name 'accountRepository': Unsatisfied dependency expressed through field 'iMovementWalletCrudRepository'; nested exception is org.springframework.beans.factory.BeanCreationException: Error creating bean with name 'IMovementWalletCrudRepository' defined in com.bootcamp.movementwallet.infraestructure.repository.IMovementWalletCrudRepository defined in @EnableReactiveMongoRepositories declared on MongoReactiveRepositoriesRegistrar.EnableReactiveMongoRepositoriesConfiguration: Invocation of init method failed; nested exception is org.springframework.data.repository.query.QueryCreationException: Could not create query for public abstract reactor.core.publisher.Flux com.bootcamp.movementwallet.infraestructure.repository.IMovementWalletCrudRepository.listWalletCelularDestino(java.lang.String)! Reason: No property listWalletCelularDestino found for type movementWalletDao!; nested exception is org.springframework.data.mapping.PropertyReferenceException: No property listWalletCelularDestino found for type movementWalletDao!
Caused by: org.springframework.beans.factory.BeanCreationException: Error creating bean with name 'IMovementWalletCrudRepository' defined in com.bootcamp.movementwallet.infraestructure.repository.IMovementWalletCrudRepository defined in @EnableReactiveMongoRepositories declared on MongoReactiveRepositoriesRegistrar.EnableReactiveMongoRepositoriesConfiguration: Invocation of init method failed; nested exception is org.springframework.data.repository.query.QueryCreationException: Could not create query for public abstract reactor.core.publisher.Flux com.bootcamp.movementwallet.infraestructure.repository.IMovementWalletCrudRepository.listWalletCelularDestino(java.lang.String)! Reason: No property listWalletCelularDestino found for type movementWalletDao!; nested exception is org.springframework.data.mapping.PropertyReferenceException: No property listWalletCelularDestino found for type movementWalletDao!
Caused by: org.springframework.data.repository.query.QueryCreationException: Could not create query for public abstract reactor.core.publisher.Flux com.bootcamp.movementwallet.infraestructure.repository.IMovementWalletCrudRepository.listWalletCelularDestino(java.lang.String)! Reason: No property listWalletCelularDestino found for type movementWalletDao!; nested exception is org.springframework.data.mapping.PropertyReferenceException: No property listWalletCelularDestino found for type movementWalletDao!
Caused by: org.springframework.data.mapping.PropertyReferenceException: No property listWalletCelularDestino found for type movementWalletDao!

